yarn run v1.12.1
$ yarn clean && yarn tsc && yarn lint && yarn test && parcel build ./pages/*.*
$ rimraf .cache ./dist
$ tsc --noEmit
node_modules/@types/react/index.d.ts(2816,14): error TS2300: Duplicate identifier 'LibraryManagedAttributes'.
node_modules/react-bootstrap/node_modules/@types/react/index.d.ts(2852,14): error TS2300: Duplicate identifier 'LibraryManagedAttributes'.
node_modules/react-bootstrap/node_modules/@types/react/index.d.ts(2865,13): error TS2717: Subsequent property declarations must have the same type.  Property 'a' must be of type 'DetailedHTMLProps<AnchorHTMLAttributes<HTMLAnchorElement>, HTMLAnchorElement>', but here has type 'DetailedHTMLProps<AnchorHTMLAttributes<HTMLAnchorElement>, HTMLAnchorElement>'.
node_modules/react-bootstrap/node_modules/@types/react/index.d.ts(2866,13): error TS2717: Subsequent property declarations must have the same type.  Property 'abbr' must be of type 'DetailedHTMLProps<HTMLAttributes<HTMLElement>, HTMLElement>', but here has type 'DetailedHTMLProps<HTMLAttributes<HTMLElement>, HTMLElement>'.
node_modules/react-bootstrap/node_modules/@types/react/index.d.ts(2867,13): error TS2717: Subsequent property declarations must have the same type.  Property 'address' must be of type 'DetailedHTMLProps<HTMLAttributes<HTMLElement>, HTMLElement>', but here has type 'DetailedHTMLProps<HTMLAttributes<HTMLElement>, HTMLElement>'.
node_modules/react-bootstrap/node_modules/@types/react/index.d.ts(2868,13): error TS2717: Subsequent property declarations must have the same type.  Property 'area' must be of type 'DetailedHTMLProps<AreaHTMLAttributes<HTMLAreaElement>, HTMLAreaElement>', but here has type 'DetailedHTMLProps<AreaHTMLAttributes<HTMLAreaElement>, HTMLAreaElement>'.
node_modules/react-bootstrap/node_modules/@types/react/index.d.ts(2869,13): error TS2717: Subsequent property declarations must have the same type.  Property 'article' must be of type 'DetailedHTMLProps<HTMLAttributes<HTMLElement>, HTMLElement>', but here has type 'DetailedHTMLProps<HTMLAttributes<HTMLElement>, HTMLElement>'.
node_modules/react-bootstrap/node_modules/@types/react/index.d.ts(2870,13): error TS2717: Subsequent property declarations must have the same type.  Property 'aside' must be of type 'DetailedHTMLProps<HTMLAttributes<HTMLElement>, HTMLElement>', but here has type 'DetailedHTMLProps<HTMLAttributes<HTMLElement>, HTMLElement>'.
node_modules/react-bootstrap/node_modules/@types/react/index.d.ts(2871,13): error TS2717: Subsequent property declarations must have the same type.  Property 'audio' must be of type 'DetailedHTMLProps<AudioHTMLAttributes<HTMLAudioElement>, HTMLAudioElement>', but here has type 'DetailedHTMLProps<AudioHTMLAttributes<HTMLAudioElement>, HTMLAudioElement>'.
node_modules/react-bootstrap/node_modules/@types/react/index.d.ts(2872,13): error TS2717: Subsequent property declarations must have the same type.  Property 'b' must be of type 'DetailedHTMLProps<HTMLAttributes<HTMLElement>, HTMLElement>', but here has type 'DetailedHTMLProps<HTMLAttributes<HTMLElement>, HTMLElement>'.
node_modules/react-bootstrap/node_modules/@types/react/index.d.ts(2873,13): error TS2717: Subsequent property declarations must have the same type.  Property 'base' must be of type 'DetailedHTMLProps<BaseHTMLAttributes<HTMLBaseElement>, HTMLBaseElement>', but here has type 'DetailedHTMLProps<BaseHTMLAttributes<HTMLBaseElement>, HTMLBaseElement>'.
node_modules/react-bootstrap/node_modules/@types/react/index.d.ts(2874,13): error TS2717: Subsequent property declarations must have the same type.  Property 'bdi' must be of type 'DetailedHTMLProps<HTMLAttributes<HTMLElement>, HTMLElement>', but here has type 'DetailedHTMLProps<HTMLAttributes<HTMLElement>, HTMLElement>'.
node_modules/react-bootstrap/node_modules/@types/react/index.d.ts(2875,13): error TS2717: Subsequent property declarations must have the same type.  Property 'bdo' must be of type 'DetailedHTMLProps<HTMLAttributes<HTMLElement>, HTMLElement>', but here has type 'DetailedHTMLProps<HTMLAttributes<HTMLElement>, HTMLElement>'.
node_modules/react-bootstrap/node_modules/@types/react/index.d.ts(2876,13): error TS2717: Subsequent property declarations must have the same type.  Property 'big' must be of type 'DetailedHTMLProps<HTMLAttributes<HTMLElement>, HTMLElement>', but here has type 'DetailedHTMLProps<HTMLAttributes<HTMLElement>, HTMLElement>'.
node_modules/react-bootstrap/node_modules/@types/react/index.d.ts(2877,13): error TS2717: Subsequent property declarations must have the same type.  Property 'blockquote' must be of type 'DetailedHTMLProps<BlockquoteHTMLAttributes<HTMLElement>, HTMLElement>', but here has type 'DetailedHTMLProps<BlockquoteHTMLAttributes<HTMLElement>, HTMLElement>'.
node_modules/react-bootstrap/node_modules/@types/react/index.d.ts(2878,13): error TS2717: Subsequent property declarations must have the same type.  Property 'body' must be of type 'DetailedHTMLProps<HTMLAttributes<HTMLBodyElement>, HTMLBodyElement>', but here has type 'DetailedHTMLProps<HTMLAttributes<HTMLBodyElement>, HTMLBodyElement>'.
node_modules/react-bootstrap/node_modules/@types/react/index.d.ts(2879,13): error TS2717: Subsequent property declarations must have the same type.  Property 'br' must be of type 'DetailedHTMLProps<HTMLAttributes<HTMLBRElement>, HTMLBRElement>', but here has type 'DetailedHTMLProps<HTMLAttributes<HTMLBRElement>, HTMLBRElement>'.
node_modules/react-bootstrap/node_modules/@types/react/index.d.ts(2880,13): error TS2717: Subsequent property declarations must have the same type.  Property 'button' must be of type 'DetailedHTMLProps<ButtonHTMLAttributes<HTMLButtonElement>, HTMLButtonElement>', but here has type 'DetailedHTMLProps<ButtonHTMLAttributes<HTMLButtonElement>, HTMLButtonElement>'.
node_modules/react-bootstrap/node_modules/@types/react/index.d.ts(2881,13): error TS2717: Subsequent property declarations must have the same type.  Property 'canvas' must be of type 'DetailedHTMLProps<CanvasHTMLAttributes<HTMLCanvasElement>, HTMLCanvasElement>', but here has type 'DetailedHTMLProps<CanvasHTMLAttributes<HTMLCanvasElement>, HTMLCanvasElement>'.
node_modules/react-bootstrap/node_modules/@types/react/index.d.ts(2882,13): error TS2717: Subsequent property declarations must have the same type.  Property 'caption' must be of type 'DetailedHTMLProps<HTMLAttributes<HTMLElement>, HTMLElement>', but here has type 'DetailedHTMLProps<HTMLAttributes<HTMLElement>, HTMLElement>'.
node_modules/react-bootstrap/node_modules/@types/react/index.d.ts(2883,13): error TS2717: Subsequent property declarations must have the same type.  Property 'cite' must be of type 'DetailedHTMLProps<HTMLAttributes<HTMLElement>, HTMLElement>', but here has type 'DetailedHTMLProps<HTMLAttributes<HTMLElement>, HTMLElement>'.
node_modules/react-bootstrap/node_modules/@types/react/index.d.ts(2884,13): error TS2717: Subsequent property declarations must have the same type.  Property 'code' must be of type 'DetailedHTMLProps<HTMLAttributes<HTMLElement>, HTMLElement>', but here has type 'DetailedHTMLProps<HTMLAttributes<HTMLElement>, HTMLElement>'.
node_modules/react-bootstrap/node_modules/@types/react/index.d.ts(2885,13): error TS2717: Subsequent property declarations must have the same type.  Property 'col' must be of type 'DetailedHTMLProps<ColHTMLAttributes<HTMLTableColElement>, HTMLTableColElement>', but here has type 'DetailedHTMLProps<ColHTMLAttributes<HTMLTableColElement>, HTMLTableColElement>'.
node_modules/react-bootstrap/node_modules/@types/react/index.d.ts(2886,13): error TS2717: Subsequent property declarations must have the same type.  Property 'colgroup' must be of type 'DetailedHTMLProps<ColgroupHTMLAttributes<HTMLTableColElement>, HTMLTableColElement>', but here has type 'DetailedHTMLProps<ColgroupHTMLAttributes<HTMLTableColElement>, HTMLTableColElement>'.
node_modules/react-bootstrap/node_modules/@types/react/index.d.ts(2887,13): error TS2717: Subsequent property declarations must have the same type.  Property 'data' must be of type 'DetailedHTMLProps<DataHTMLAttributes<HTMLDataElement>, HTMLDataElement>', but here has type 'DetailedHTMLProps<DataHTMLAttributes<HTMLDataElement>, HTMLDataElement>'.
node_modules/react-bootstrap/node_modules/@types/react/index.d.ts(2888,13): error TS2717: Subsequent property declarations must have the same type.  Property 'datalist' must be of type 'DetailedHTMLProps<HTMLAttributes<HTMLDataListElement>, HTMLDataListElement>', but here has type 'DetailedHTMLProps<HTMLAttributes<HTMLDataListElement>, HTMLDataListElement>'.
node_modules/react-bootstrap/node_modules/@types/react/index.d.ts(2889,13): error TS2717: Subsequent property declarations must have the same type.  Property 'dd' must be of type 'DetailedHTMLProps<HTMLAttributes<HTMLElement>, HTMLElement>', but here has type 'DetailedHTMLProps<HTMLAttributes<HTMLElement>, HTMLElement>'.
node_modules/react-bootstrap/node_modules/@types/react/index.d.ts(2890,13): error TS2717: Subsequent property declarations must have the same type.  Property 'del' must be of type 'DetailedHTMLProps<DelHTMLAttributes<HTMLElement>, HTMLElement>', but here has type 'DetailedHTMLProps<DelHTMLAttributes<HTMLElement>, HTMLElement>'.
node_modules/react-bootstrap/node_modules/@types/react/index.d.ts(2891,13): error TS2717: Subsequent property declarations must have the same type.  Property 'details' must be of type 'DetailedHTMLProps<DetailsHTMLAttributes<HTMLElement>, HTMLElement>', but here has type 'DetailedHTMLProps<DetailsHTMLAttributes<HTMLElement>, HTMLElement>'.
node_modules/react-bootstrap/node_modules/@types/react/index.d.ts(2892,13): error TS2717: Subsequent property declarations must have the same type.  Property 'dfn' must be of type 'DetailedHTMLProps<HTMLAttributes<HTMLElement>, HTMLElement>', but here has type 'DetailedHTMLProps<HTMLAttributes<HTMLElement>, HTMLElement>'.
node_modules/react-bootstrap/node_modules/@types/react/index.d.ts(2893,13): error TS2717: Subsequent property declarations must have the same type.  Property 'dialog' must be of type 'DetailedHTMLProps<DialogHTMLAttributes<HTMLDialogElement>, HTMLDialogElement>', but here has type 'DetailedHTMLProps<DialogHTMLAttributes<HTMLDialogElement>, HTMLDialogElement>'.
node_modules/react-bootstrap/node_modules/@types/react/index.d.ts(2894,13): error TS2717: Subsequent property declarations must have the same type.  Property 'div' must be of type 'DetailedHTMLProps<HTMLAttributes<HTMLDivElement>, HTMLDivElement>', but here has type 'DetailedHTMLProps<HTMLAttributes<HTMLDivElement>, HTMLDivElement>'.
node_modules/react-bootstrap/node_modules/@types/react/index.d.ts(2895,13): error TS2717: Subsequent property declarations must have the same type.  Property 'dl' must be of type 'DetailedHTMLProps<HTMLAttributes<HTMLDListElement>, HTMLDListElement>', but here has type 'DetailedHTMLProps<HTMLAttributes<HTMLDListElement>, HTMLDListElement>'.
node_modules/react-bootstrap/node_modules/@types/react/index.d.ts(2896,13): error TS2717: Subsequent property declarations must have the same type.  Property 'dt' must be of type 'DetailedHTMLProps<HTMLAttributes<HTMLElement>, HTMLElement>', but here has type 'DetailedHTMLProps<HTMLAttributes<HTMLElement>, HTMLElement>'.
node_modules/react-bootstrap/node_modules/@types/react/index.d.ts(2897,13): error TS2717: Subsequent property declarations must have the same type.  Property 'em' must be of type 'DetailedHTMLProps<HTMLAttributes<HTMLElement>, HTMLElement>', but here has type 'DetailedHTMLProps<HTMLAttributes<HTMLElement>, HTMLElement>'.
node_modules/react-bootstrap/node_modules/@types/react/index.d.ts(2898,13): error TS2717: Subsequent property declarations must have the same type.  Property 'embed' must be of type 'DetailedHTMLProps<EmbedHTMLAttributes<HTMLEmbedElement>, HTMLEmbedElement>', but here has type 'DetailedHTMLProps<EmbedHTMLAttributes<HTMLEmbedElement>, HTMLEmbedElement>'.
node_modules/react-bootstrap/node_modules/@types/react/index.d.ts(2899,13): error TS2717: Subsequent property declarations must have the same type.  Property 'fieldset' must be of type 'DetailedHTMLProps<FieldsetHTMLAttributes<HTMLFieldSetElement>, HTMLFieldSetElement>', but here has type 'DetailedHTMLProps<FieldsetHTMLAttributes<HTMLFieldSetElement>, HTMLFieldSetElement>'.
node_modules/react-bootstrap/node_modules/@types/react/index.d.ts(2900,13): error TS2717: Subsequent property declarations must have the same type.  Property 'figcaption' must be of type 'DetailedHTMLProps<HTMLAttributes<HTMLElement>, HTMLElement>', but here has type 'DetailedHTMLProps<HTMLAttributes<HTMLElement>, HTMLElement>'.
node_modules/react-bootstrap/node_modules/@types/react/index.d.ts(2901,13): error TS2717: Subsequent property declarations must have the same type.  Property 'figure' must be of type 'DetailedHTMLProps<HTMLAttributes<HTMLElement>, HTMLElement>', but here has type 'DetailedHTMLProps<HTMLAttributes<HTMLElement>, HTMLElement>'.
node_modules/react-bootstrap/node_modules/@types/react/index.d.ts(2902,13): error TS2717: Subsequent property declarations must have the same type.  Property 'footer' must be of type 'DetailedHTMLProps<HTMLAttributes<HTMLElement>, HTMLElement>', but here has type 'DetailedHTMLProps<HTMLAttributes<HTMLElement>, HTMLElement>'.
node_modules/react-bootstrap/node_modules/@types/react/index.d.ts(2903,13): error TS2717: Subsequent property declarations must have the same type.  Property 'form' must be of type 'DetailedHTMLProps<FormHTMLAttributes<HTMLFormElement>, HTMLFormElement>', but here has type 'DetailedHTMLProps<FormHTMLAttributes<HTMLFormElement>, HTMLFormElement>'.
node_modules/react-bootstrap/node_modules/@types/react/index.d.ts(2904,13): error TS2717: Subsequent property declarations must have the same type.  Property 'h1' must be of type 'DetailedHTMLProps<HTMLAttributes<HTMLHeadingElement>, HTMLHeadingElement>', but here has type 'DetailedHTMLProps<HTMLAttributes<HTMLHeadingElement>, HTMLHeadingElement>'.
node_modules/react-bootstrap/node_modules/@types/react/index.d.ts(2905,13): error TS2717: Subsequent property declarations must have the same type.  Property 'h2' must be of type 'DetailedHTMLProps<HTMLAttributes<HTMLHeadingElement>, HTMLHeadingElement>', but here has type 'DetailedHTMLProps<HTMLAttributes<HTMLHeadingElement>, HTMLHeadingElement>'.
node_modules/react-bootstrap/node_modules/@types/react/index.d.ts(2906,13): error TS2717: Subsequent property declarations must have the same type.  Property 'h3' must be of type 'DetailedHTMLProps<HTMLAttributes<HTMLHeadingElement>, HTMLHeadingElement>', but here has type 'DetailedHTMLProps<HTMLAttributes<HTMLHeadingElement>, HTMLHeadingElement>'.
node_modules/react-bootstrap/node_modules/@types/react/index.d.ts(2907,13): error TS2717: Subsequent property declarations must have the same type.  Property 'h4' must be of type 'DetailedHTMLProps<HTMLAttributes<HTMLHeadingElement>, HTMLHeadingElement>', but here has type 'DetailedHTMLProps<HTMLAttributes<HTMLHeadingElement>, HTMLHeadingElement>'.
node_modules/react-bootstrap/node_modules/@types/react/index.d.ts(2908,13): error TS2717: Subsequent property declarations must have the same type.  Property 'h5' must be of type 'DetailedHTMLProps<HTMLAttributes<HTMLHeadingElement>, HTMLHeadingElement>', but here has type 'DetailedHTMLProps<HTMLAttributes<HTMLHeadingElement>, HTMLHeadingElement>'.
node_modules/react-bootstrap/node_modules/@types/react/index.d.ts(2909,13): error TS2717: Subsequent property declarations must have the same type.  Property 'h6' must be of type 'DetailedHTMLProps<HTMLAttributes<HTMLHeadingElement>, HTMLHeadingElement>', but here has type 'DetailedHTMLProps<HTMLAttributes<HTMLHeadingElement>, HTMLHeadingElement>'.
node_modules/react-bootstrap/node_modules/@types/react/index.d.ts(2910,13): error TS2717: Subsequent property declarations must have the same type.  Property 'head' must be of type 'DetailedHTMLProps<HTMLAttributes<HTMLHeadElement>, HTMLHeadElement>', but here has type 'DetailedHTMLProps<HTMLAttributes<HTMLHeadElement>, HTMLHeadElement>'.
node_modules/react-bootstrap/node_modules/@types/react/index.d.ts(2911,13): error TS2717: Subsequent property declarations must have the same type.  Property 'header' must be of type 'DetailedHTMLProps<HTMLAttributes<HTMLElement>, HTMLElement>', but here has type 'DetailedHTMLProps<HTMLAttributes<HTMLElement>, HTMLElement>'.
node_modules/react-bootstrap/node_modules/@types/react/index.d.ts(2912,13): error TS2717: Subsequent property declarations must have the same type.  Property 'hgroup' must be of type 'DetailedHTMLProps<HTMLAttributes<HTMLElement>, HTMLElement>', but here has type 'DetailedHTMLProps<HTMLAttributes<HTMLElement>, HTMLElement>'.
node_modules/react-bootstrap/node_modules/@types/react/index.d.ts(2913,13): error TS2717: Subsequent property declarations must have the same type.  Property 'hr' must be of type 'DetailedHTMLProps<HTMLAttributes<HTMLHRElement>, HTMLHRElement>', but here has type 'DetailedHTMLProps<HTMLAttributes<HTMLHRElement>, HTMLHRElement>'.
node_modules/react-bootstrap/node_modules/@types/react/index.d.ts(2914,13): error TS2717: Subsequent property declarations must have the same type.  Property 'html' must be of type 'DetailedHTMLProps<HtmlHTMLAttributes<HTMLHtmlElement>, HTMLHtmlElement>', but here has type 'DetailedHTMLProps<HtmlHTMLAttributes<HTMLHtmlElement>, HTMLHtmlElement>'.
node_modules/react-bootstrap/node_modules/@types/react/index.d.ts(2915,13): error TS2717: Subsequent property declarations must have the same type.  Property 'i' must be of type 'DetailedHTMLProps<HTMLAttributes<HTMLElement>, HTMLElement>', but here has type 'DetailedHTMLProps<HTMLAttributes<HTMLElement>, HTMLElement>'.
node_modules/react-bootstrap/node_modules/@types/react/index.d.ts(2916,13): error TS2717: Subsequent property declarations must have the same type.  Property 'iframe' must be of type 'DetailedHTMLProps<IframeHTMLAttributes<HTMLIFrameElement>, HTMLIFrameElement>', but here has type 'DetailedHTMLProps<IframeHTMLAttributes<HTMLIFrameElement>, HTMLIFrameElement>'.
node_modules/react-bootstrap/node_modules/@types/react/index.d.ts(2917,13): error TS2717: Subsequent property declarations must have the same type.  Property 'img' must be of type 'DetailedHTMLProps<ImgHTMLAttributes<HTMLImageElement>, HTMLImageElement>', but here has type 'DetailedHTMLProps<ImgHTMLAttributes<HTMLImageElement>, HTMLImageElement>'.
node_modules/react-bootstrap/node_modules/@types/react/index.d.ts(2918,13): error TS2717: Subsequent property declarations must have the same type.  Property 'input' must be of type 'DetailedHTMLProps<InputHTMLAttributes<HTMLInputElement>, HTMLInputElement>', but here has type 'DetailedHTMLProps<InputHTMLAttributes<HTMLInputElement>, HTMLInputElement>'.
node_modules/react-bootstrap/node_modules/@types/react/index.d.ts(2919,13): error TS2717: Subsequent property declarations must have the same type.  Property 'ins' must be of type 'DetailedHTMLProps<InsHTMLAttributes<HTMLModElement>, HTMLModElement>', but here has type 'DetailedHTMLProps<InsHTMLAttributes<HTMLModElement>, HTMLModElement>'.
node_modules/react-bootstrap/node_modules/@types/react/index.d.ts(2920,13): error TS2717: Subsequent property declarations must have the same type.  Property 'kbd' must be of type 'DetailedHTMLProps<HTMLAttributes<HTMLElement>, HTMLElement>', but here has type 'DetailedHTMLProps<HTMLAttributes<HTMLElement>, HTMLElement>'.
node_modules/react-bootstrap/node_modules/@types/react/index.d.ts(2921,13): error TS2717: Subsequent property declarations must have the same type.  Property 'keygen' must be of type 'DetailedHTMLProps<KeygenHTMLAttributes<HTMLElement>, HTMLElement>', but here has type 'DetailedHTMLProps<KeygenHTMLAttributes<HTMLElement>, HTMLElement>'.
node_modules/react-bootstrap/node_modules/@types/react/index.d.ts(2922,13): error TS2717: Subsequent property declarations must have the same type.  Property 'label' must be of type 'DetailedHTMLProps<LabelHTMLAttributes<HTMLLabelElement>, HTMLLabelElement>', but here has type 'DetailedHTMLProps<LabelHTMLAttributes<HTMLLabelElement>, HTMLLabelElement>'.
node_modules/react-bootstrap/node_modules/@types/react/index.d.ts(2923,13): error TS2717: Subsequent property declarations must have the same type.  Property 'legend' must be of type 'DetailedHTMLProps<HTMLAttributes<HTMLLegendElement>, HTMLLegendElement>', but here has type 'DetailedHTMLProps<HTMLAttributes<HTMLLegendElement>, HTMLLegendElement>'.
node_modules/react-bootstrap/node_modules/@types/react/index.d.ts(2924,13): error TS2717: Subsequent property declarations must have the same type.  Property 'li' must be of type 'DetailedHTMLProps<LiHTMLAttributes<HTMLLIElement>, HTMLLIElement>', but here has type 'DetailedHTMLProps<LiHTMLAttributes<HTMLLIElement>, HTMLLIElement>'.
node_modules/react-bootstrap/node_modules/@types/react/index.d.ts(2925,13): error TS2717: Subsequent property declarations must have the same type.  Property 'link' must be of type 'DetailedHTMLProps<LinkHTMLAttributes<HTMLLinkElement>, HTMLLinkElement>', but here has type 'DetailedHTMLProps<LinkHTMLAttributes<HTMLLinkElement>, HTMLLinkElement>'.
node_modules/react-bootstrap/node_modules/@types/react/index.d.ts(2926,13): error TS2717: Subsequent property declarations must have the same type.  Property 'main' must be of type 'DetailedHTMLProps<HTMLAttributes<HTMLElement>, HTMLElement>', but here has type 'DetailedHTMLProps<HTMLAttributes<HTMLElement>, HTMLElement>'.
node_modules/react-bootstrap/node_modules/@types/react/index.d.ts(2927,13): error TS2717: Subsequent property declarations must have the same type.  Property 'map' must be of type 'DetailedHTMLProps<MapHTMLAttributes<HTMLMapElement>, HTMLMapElement>', but here has type 'DetailedHTMLProps<MapHTMLAttributes<HTMLMapElement>, HTMLMapElement>'.
node_modules/react-bootstrap/node_modules/@types/react/index.d.ts(2928,13): error TS2717: Subsequent property declarations must have the same type.  Property 'mark' must be of type 'DetailedHTMLProps<HTMLAttributes<HTMLElement>, HTMLElement>', but here has type 'DetailedHTMLProps<HTMLAttributes<HTMLElement>, HTMLElement>'.
node_modules/react-bootstrap/node_modules/@types/react/index.d.ts(2929,13): error TS2717: Subsequent property declarations must have the same type.  Property 'menu' must be of type 'DetailedHTMLProps<MenuHTMLAttributes<HTMLElement>, HTMLElement>', but here has type 'DetailedHTMLProps<MenuHTMLAttributes<HTMLElement>, HTMLElement>'.
node_modules/react-bootstrap/node_modules/@types/react/index.d.ts(2930,13): error TS2717: Subsequent property declarations must have the same type.  Property 'menuitem' must be of type 'DetailedHTMLProps<HTMLAttributes<HTMLElement>, HTMLElement>', but here has type 'DetailedHTMLProps<HTMLAttributes<HTMLElement>, HTMLElement>'.
node_modules/react-bootstrap/node_modules/@types/react/index.d.ts(2931,13): error TS2717: Subsequent property declarations must have the same type.  Property 'meta' must be of type 'DetailedHTMLProps<MetaHTMLAttributes<HTMLMetaElement>, HTMLMetaElement>', but here has type 'DetailedHTMLProps<MetaHTMLAttributes<HTMLMetaElement>, HTMLMetaElement>'.
node_modules/react-bootstrap/node_modules/@types/react/index.d.ts(2932,13): error TS2717: Subsequent property declarations must have the same type.  Property 'meter' must be of type 'DetailedHTMLProps<MeterHTMLAttributes<HTMLElement>, HTMLElement>', but here has type 'DetailedHTMLProps<MeterHTMLAttributes<HTMLElement>, HTMLElement>'.
node_modules/react-bootstrap/node_modules/@types/react/index.d.ts(2933,13): error TS2717: Subsequent property declarations must have the same type.  Property 'nav' must be of type 'DetailedHTMLProps<HTMLAttributes<HTMLElement>, HTMLElement>', but here has type 'DetailedHTMLProps<HTMLAttributes<HTMLElement>, HTMLElement>'.
node_modules/react-bootstrap/node_modules/@types/react/index.d.ts(2934,13): error TS2717: Subsequent property declarations must have the same type.  Property 'noindex' must be of type 'DetailedHTMLProps<HTMLAttributes<HTMLElement>, HTMLElement>', but here has type 'DetailedHTMLProps<HTMLAttributes<HTMLElement>, HTMLElement>'.
node_modules/react-bootstrap/node_modules/@types/react/index.d.ts(2935,13): error TS2717: Subsequent property declarations must have the same type.  Property 'noscript' must be of type 'DetailedHTMLProps<HTMLAttributes<HTMLElement>, HTMLElement>', but here has type 'DetailedHTMLProps<HTMLAttributes<HTMLElement>, HTMLElement>'.
node_modules/react-bootstrap/node_modules/@types/react/index.d.ts(2936,13): error TS2717: Subsequent property declarations must have the same type.  Property 'object' must be of type 'DetailedHTMLProps<ObjectHTMLAttributes<HTMLObjectElement>, HTMLObjectElement>', but here has type 'DetailedHTMLProps<ObjectHTMLAttributes<HTMLObjectElement>, HTMLObjectElement>'.
node_modules/react-bootstrap/node_modules/@types/react/index.d.ts(2937,13): error TS2717: Subsequent property declarations must have the same type.  Property 'ol' must be of type 'DetailedHTMLProps<OlHTMLAttributes<HTMLOListElement>, HTMLOListElement>', but here has type 'DetailedHTMLProps<OlHTMLAttributes<HTMLOListElement>, HTMLOListElement>'.
node_modules/react-bootstrap/node_modules/@types/react/index.d.ts(2938,13): error TS2717: Subsequent property declarations must have the same type.  Property 'optgroup' must be of type 'DetailedHTMLProps<OptgroupHTMLAttributes<HTMLOptGroupElement>, HTMLOptGroupElement>', but here has type 'DetailedHTMLProps<OptgroupHTMLAttributes<HTMLOptGroupElement>, HTMLOptGroupElement>'.
node_modules/react-bootstrap/node_modules/@types/react/index.d.ts(2939,13): error TS2717: Subsequent property declarations must have the same type.  Property 'option' must be of type 'DetailedHTMLProps<OptionHTMLAttributes<HTMLOptionElement>, HTMLOptionElement>', but here has type 'DetailedHTMLProps<OptionHTMLAttributes<HTMLOptionElement>, HTMLOptionElement>'.
node_modules/react-bootstrap/node_modules/@types/react/index.d.ts(2940,13): error TS2717: Subsequent property declarations must have the same type.  Property 'output' must be of type 'DetailedHTMLProps<OutputHTMLAttributes<HTMLElement>, HTMLElement>', but here has type 'DetailedHTMLProps<OutputHTMLAttributes<HTMLElement>, HTMLElement>'.
node_modules/react-bootstrap/node_modules/@types/react/index.d.ts(2941,13): error TS2717: Subsequent property declarations must have the same type.  Property 'p' must be of type 'DetailedHTMLProps<HTMLAttributes<HTMLParagraphElement>, HTMLParagraphElement>', but here has type 'DetailedHTMLProps<HTMLAttributes<HTMLParagraphElement>, HTMLParagraphElement>'.
node_modules/react-bootstrap/node_modules/@types/react/index.d.ts(2942,13): error TS2717: Subsequent property declarations must have the same type.  Property 'param' must be of type 'DetailedHTMLProps<ParamHTMLAttributes<HTMLParamElement>, HTMLParamElement>', but here has type 'DetailedHTMLProps<ParamHTMLAttributes<HTMLParamElement>, HTMLParamElement>'.
node_modules/react-bootstrap/node_modules/@types/react/index.d.ts(2943,13): error TS2717: Subsequent property declarations must have the same type.  Property 'picture' must be of type 'DetailedHTMLProps<HTMLAttributes<HTMLElement>, HTMLElement>', but here has type 'DetailedHTMLProps<HTMLAttributes<HTMLElement>, HTMLElement>'.
node_modules/react-bootstrap/node_modules/@types/react/index.d.ts(2944,13): error TS2717: Subsequent property declarations must have the same type.  Property 'pre' must be of type 'DetailedHTMLProps<HTMLAttributes<HTMLPreElement>, HTMLPreElement>', but here has type 'DetailedHTMLProps<HTMLAttributes<HTMLPreElement>, HTMLPreElement>'.
node_modules/react-bootstrap/node_modules/@types/react/index.d.ts(2945,13): error TS2717: Subsequent property declarations must have the same type.  Property 'progress' must be of type 'DetailedHTMLProps<ProgressHTMLAttributes<HTMLProgressElement>, HTMLProgressElement>', but here has type 'DetailedHTMLProps<ProgressHTMLAttributes<HTMLProgressElement>, HTMLProgressElement>'.
node_modules/react-bootstrap/node_modules/@types/react/index.d.ts(2946,13): error TS2717: Subsequent property declarations must have the same type.  Property 'q' must be of type 'DetailedHTMLProps<QuoteHTMLAttributes<HTMLQuoteElement>, HTMLQuoteElement>', but here has type 'DetailedHTMLProps<QuoteHTMLAttributes<HTMLQuoteElement>, HTMLQuoteElement>'.
node_modules/react-bootstrap/node_modules/@types/react/index.d.ts(2947,13): error TS2717: Subsequent property declarations must have the same type.  Property 'rp' must be of type 'DetailedHTMLProps<HTMLAttributes<HTMLElement>, HTMLElement>', but here has type 'DetailedHTMLProps<HTMLAttributes<HTMLElement>, HTMLElement>'.
node_modules/react-bootstrap/node_modules/@types/react/index.d.ts(2948,13): error TS2717: Subsequent property declarations must have the same type.  Property 'rt' must be of type 'DetailedHTMLProps<HTMLAttributes<HTMLElement>, HTMLElement>', but here has type 'DetailedHTMLProps<HTMLAttributes<HTMLElement>, HTMLElement>'.
node_modules/react-bootstrap/node_modules/@types/react/index.d.ts(2949,13): error TS2717: Subsequent property declarations must have the same type.  Property 'ruby' must be of type 'DetailedHTMLProps<HTMLAttributes<HTMLElement>, HTMLElement>', but here has type 'DetailedHTMLProps<HTMLAttributes<HTMLElement>, HTMLElement>'.
node_modules/react-bootstrap/node_modules/@types/react/index.d.ts(2950,13): error TS2717: Subsequent property declarations must have the same type.  Property 's' must be of type 'DetailedHTMLProps<HTMLAttributes<HTMLElement>, HTMLElement>', but here has type 'DetailedHTMLProps<HTMLAttributes<HTMLElement>, HTMLElement>'.
node_modules/react-bootstrap/node_modules/@types/react/index.d.ts(2951,13): error TS2717: Subsequent property declarations must have the same type.  Property 'samp' must be of type 'DetailedHTMLProps<HTMLAttributes<HTMLElement>, HTMLElement>', but here has type 'DetailedHTMLProps<HTMLAttributes<HTMLElement>, HTMLElement>'.
node_modules/react-bootstrap/node_modules/@types/react/index.d.ts(2952,13): error TS2717: Subsequent property declarations must have the same type.  Property 'script' must be of type 'DetailedHTMLProps<ScriptHTMLAttributes<HTMLScriptElement>, HTMLScriptElement>', but here has type 'DetailedHTMLProps<ScriptHTMLAttributes<HTMLScriptElement>, HTMLScriptElement>'.
node_modules/react-bootstrap/node_modules/@types/react/index.d.ts(2953,13): error TS2717: Subsequent property declarations must have the same type.  Property 'section' must be of type 'DetailedHTMLProps<HTMLAttributes<HTMLElement>, HTMLElement>', but here has type 'DetailedHTMLProps<HTMLAttributes<HTMLElement>, HTMLElement>'.
node_modules/react-bootstrap/node_modules/@types/react/index.d.ts(2954,13): error TS2717: Subsequent property declarations must have the same type.  Property 'select' must be of type 'DetailedHTMLProps<SelectHTMLAttributes<HTMLSelectElement>, HTMLSelectElement>', but here has type 'DetailedHTMLProps<SelectHTMLAttributes<HTMLSelectElement>, HTMLSelectElement>'.
node_modules/react-bootstrap/node_modules/@types/react/index.d.ts(2955,13): error TS2717: Subsequent property declarations must have the same type.  Property 'small' must be of type 'DetailedHTMLProps<HTMLAttributes<HTMLElement>, HTMLElement>', but here has type 'DetailedHTMLProps<HTMLAttributes<HTMLElement>, HTMLElement>'.
node_modules/react-bootstrap/node_modules/@types/react/index.d.ts(2956,13): error TS2717: Subsequent property declarations must have the same type.  Property 'source' must be of type 'DetailedHTMLProps<SourceHTMLAttributes<HTMLSourceElement>, HTMLSourceElement>', but here has type 'DetailedHTMLProps<SourceHTMLAttributes<HTMLSourceElement>, HTMLSourceElement>'.
node_modules/react-bootstrap/node_modules/@types/react/index.d.ts(2957,13): error TS2717: Subsequent property declarations must have the same type.  Property 'span' must be of type 'DetailedHTMLProps<HTMLAttributes<HTMLSpanElement>, HTMLSpanElement>', but here has type 'DetailedHTMLProps<HTMLAttributes<HTMLSpanElement>, HTMLSpanElement>'.
node_modules/react-bootstrap/node_modules/@types/react/index.d.ts(2958,13): error TS2717: Subsequent property declarations must have the same type.  Property 'strong' must be of type 'DetailedHTMLProps<HTMLAttributes<HTMLElement>, HTMLElement>', but here has type 'DetailedHTMLProps<HTMLAttributes<HTMLElement>, HTMLElement>'.
node_modules/react-bootstrap/node_modules/@types/react/index.d.ts(2959,13): error TS2717: Subsequent property declarations must have the same type.  Property 'style' must be of type 'DetailedHTMLProps<StyleHTMLAttributes<HTMLStyleElement>, HTMLStyleElement>', but here has type 'DetailedHTMLProps<StyleHTMLAttributes<HTMLStyleElement>, HTMLStyleElement>'.
node_modules/react-bootstrap/node_modules/@types/react/index.d.ts(2960,13): error TS2717: Subsequent property declarations must have the same type.  Property 'sub' must be of type 'DetailedHTMLProps<HTMLAttributes<HTMLElement>, HTMLElement>', but here has type 'DetailedHTMLProps<HTMLAttributes<HTMLElement>, HTMLElement>'.
node_modules/react-bootstrap/node_modules/@types/react/index.d.ts(2961,13): error TS2717: Subsequent property declarations must have the same type.  Property 'summary' must be of type 'DetailedHTMLProps<HTMLAttributes<HTMLElement>, HTMLElement>', but here has type 'DetailedHTMLProps<HTMLAttributes<HTMLElement>, HTMLElement>'.
node_modules/react-bootstrap/node_modules/@types/react/index.d.ts(2962,13): error TS2717: Subsequent property declarations must have the same type.  Property 'sup' must be of type 'DetailedHTMLProps<HTMLAttributes<HTMLElement>, HTMLElement>', but here has type 'DetailedHTMLProps<HTMLAttributes<HTMLElement>, HTMLElement>'.
node_modules/react-bootstrap/node_modules/@types/react/index.d.ts(2963,13): error TS2717: Subsequent property declarations must have the same type.  Property 'table' must be of type 'DetailedHTMLProps<TableHTMLAttributes<HTMLTableElement>, HTMLTableElement>', but here has type 'DetailedHTMLProps<TableHTMLAttributes<HTMLTableElement>, HTMLTableElement>'.
node_modules/react-bootstrap/node_modules/@types/react/index.d.ts(2964,13): error TS2717: Subsequent property declarations must have the same type.  Property 'template' must be of type 'DetailedHTMLProps<HTMLAttributes<HTMLTemplateElement>, HTMLTemplateElement>', but here has type 'DetailedHTMLProps<HTMLAttributes<HTMLTemplateElement>, HTMLTemplateElement>'.
node_modules/react-bootstrap/node_modules/@types/react/index.d.ts(2965,13): error TS2717: Subsequent property declarations must have the same type.  Property 'tbody' must be of type 'DetailedHTMLProps<HTMLAttributes<HTMLTableSectionElement>, HTMLTableSectionElement>', but here has type 'DetailedHTMLProps<HTMLAttributes<HTMLTableSectionElement>, HTMLTableSectionElement>'.
node_modules/react-bootstrap/node_modules/@types/react/index.d.ts(2966,13): error TS2717: Subsequent property declarations must have the same type.  Property 'td' must be of type 'DetailedHTMLProps<TdHTMLAttributes<HTMLTableDataCellElement>, HTMLTableDataCellElement>', but here has type 'DetailedHTMLProps<TdHTMLAttributes<HTMLTableDataCellElement>, HTMLTableDataCellElement>'.
node_modules/react-bootstrap/node_modules/@types/react/index.d.ts(2967,13): error TS2717: Subsequent property declarations must have the same type.  Property 'textarea' must be of type 'DetailedHTMLProps<TextareaHTMLAttributes<HTMLTextAreaElement>, HTMLTextAreaElement>', but here has type 'DetailedHTMLProps<TextareaHTMLAttributes<HTMLTextAreaElement>, HTMLTextAreaElement>'.
node_modules/react-bootstrap/node_modules/@types/react/index.d.ts(2968,13): error TS2717: Subsequent property declarations must have the same type.  Property 'tfoot' must be of type 'DetailedHTMLProps<HTMLAttributes<HTMLTableSectionElement>, HTMLTableSectionElement>', but here has type 'DetailedHTMLProps<HTMLAttributes<HTMLTableSectionElement>, HTMLTableSectionElement>'.
node_modules/react-bootstrap/node_modules/@types/react/index.d.ts(2969,13): error TS2717: Subsequent property declarations must have the same type.  Property 'th' must be of type 'DetailedHTMLProps<ThHTMLAttributes<HTMLTableHeaderCellElement>, HTMLTableHeaderCellElement>', but here has type 'DetailedHTMLProps<ThHTMLAttributes<HTMLTableHeaderCellElement>, HTMLTableHeaderCellElement>'.
node_modules/react-bootstrap/node_modules/@types/react/index.d.ts(2970,13): error TS2717: Subsequent property declarations must have the same type.  Property 'thead' must be of type 'DetailedHTMLProps<HTMLAttributes<HTMLTableSectionElement>, HTMLTableSectionElement>', but here has type 'DetailedHTMLProps<HTMLAttributes<HTMLTableSectionElement>, HTMLTableSectionElement>'.
node_modules/react-bootstrap/node_modules/@types/react/index.d.ts(2971,13): error TS2717: Subsequent property declarations must have the same type.  Property 'time' must be of type 'DetailedHTMLProps<TimeHTMLAttributes<HTMLElement>, HTMLElement>', but here has type 'DetailedHTMLProps<TimeHTMLAttributes<HTMLElement>, HTMLElement>'.
node_modules/react-bootstrap/node_modules/@types/react/index.d.ts(2972,13): error TS2717: Subsequent property declarations must have the same type.  Property 'title' must be of type 'DetailedHTMLProps<HTMLAttributes<HTMLTitleElement>, HTMLTitleElement>', but here has type 'DetailedHTMLProps<HTMLAttributes<HTMLTitleElement>, HTMLTitleElement>'.
node_modules/react-bootstrap/node_modules/@types/react/index.d.ts(2973,13): error TS2717: Subsequent property declarations must have the same type.  Property 'tr' must be of type 'DetailedHTMLProps<HTMLAttributes<HTMLTableRowElement>, HTMLTableRowElement>', but here has type 'DetailedHTMLProps<HTMLAttributes<HTMLTableRowElement>, HTMLTableRowElement>'.
node_modules/react-bootstrap/node_modules/@types/react/index.d.ts(2974,13): error TS2717: Subsequent property declarations must have the same type.  Property 'track' must be of type 'DetailedHTMLProps<TrackHTMLAttributes<HTMLTrackElement>, HTMLTrackElement>', but here has type 'DetailedHTMLProps<TrackHTMLAttributes<HTMLTrackElement>, HTMLTrackElement>'.
node_modules/react-bootstrap/node_modules/@types/react/index.d.ts(2975,13): error TS2717: Subsequent property declarations must have the same type.  Property 'u' must be of type 'DetailedHTMLProps<HTMLAttributes<HTMLElement>, HTMLElement>', but here has type 'DetailedHTMLProps<HTMLAttributes<HTMLElement>, HTMLElement>'.
node_modules/react-bootstrap/node_modules/@types/react/index.d.ts(2976,13): error TS2717: Subsequent property declarations must have the same type.  Property 'ul' must be of type 'DetailedHTMLProps<HTMLAttributes<HTMLUListElement>, HTMLUListElement>', but here has type 'DetailedHTMLProps<HTMLAttributes<HTMLUListElement>, HTMLUListElement>'.
node_modules/react-bootstrap/node_modules/@types/react/index.d.ts(2977,13): error TS2717: Subsequent property declarations must have the same type.  Property '"var"' must be of type 'DetailedHTMLProps<HTMLAttributes<HTMLElement>, HTMLElement>', but here has type 'DetailedHTMLProps<HTMLAttributes<HTMLElement>, HTMLElement>'.
node_modules/react-bootstrap/node_modules/@types/react/index.d.ts(2978,13): error TS2717: Subsequent property declarations must have the same type.  Property 'video' must be of type 'DetailedHTMLProps<VideoHTMLAttributes<HTMLVideoElement>, HTMLVideoElement>', but here has type 'DetailedHTMLProps<VideoHTMLAttributes<HTMLVideoElement>, HTMLVideoElement>'.
node_modules/react-bootstrap/node_modules/@types/react/index.d.ts(2979,13): error TS2717: Subsequent property declarations must have the same type.  Property 'wbr' must be of type 'DetailedHTMLProps<HTMLAttributes<HTMLElement>, HTMLElement>', but here has type 'DetailedHTMLProps<HTMLAttributes<HTMLElement>, HTMLElement>'.
node_modules/react-bootstrap/node_modules/@types/react/index.d.ts(2980,13): error TS2717: Subsequent property declarations must have the same type.  Property 'webview' must be of type 'DetailedHTMLProps<WebViewHTMLAttributes<HTMLWebViewElement>, HTMLWebViewElement>', but here has type 'DetailedHTMLProps<WebViewHTMLAttributes<HTMLWebViewElement>, HTMLWebViewElement>'.
node_modules/react-bootstrap/node_modules/@types/react/index.d.ts(2983,13): error TS2717: Subsequent property declarations must have the same type.  Property 'svg' must be of type 'SVGProps<SVGSVGElement>', but here has type 'SVGProps<SVGSVGElement>'.
node_modules/react-bootstrap/node_modules/@types/react/index.d.ts(2985,13): error TS2717: Subsequent property declarations must have the same type.  Property 'animate' must be of type 'SVGProps<SVGElement>', but here has type 'SVGProps<SVGElement>'.
node_modules/react-bootstrap/node_modules/@types/react/index.d.ts(2986,13): error TS2717: Subsequent property declarations must have the same type.  Property 'animateMotion' must be of type 'SVGProps<SVGElement>', but here has type 'SVGProps<SVGElement>'.
node_modules/react-bootstrap/node_modules/@types/react/index.d.ts(2987,13): error TS2717: Subsequent property declarations must have the same type.  Property 'animateTransform' must be of type 'SVGProps<SVGElement>', but here has type 'SVGProps<SVGElement>'.
node_modules/react-bootstrap/node_modules/@types/react/index.d.ts(2988,13): error TS2717: Subsequent property declarations must have the same type.  Property 'circle' must be of type 'SVGProps<SVGCircleElement>', but here has type 'SVGProps<SVGCircleElement>'.
node_modules/react-bootstrap/node_modules/@types/react/index.d.ts(2989,13): error TS2717: Subsequent property declarations must have the same type.  Property 'clipPath' must be of type 'SVGProps<SVGClipPathElement>', but here has type 'SVGProps<SVGClipPathElement>'.
node_modules/react-bootstrap/node_modules/@types/react/index.d.ts(2990,13): error TS2717: Subsequent property declarations must have the same type.  Property 'defs' must be of type 'SVGProps<SVGDefsElement>', but here has type 'SVGProps<SVGDefsElement>'.
node_modules/react-bootstrap/node_modules/@types/react/index.d.ts(2991,13): error TS2717: Subsequent property declarations must have the same type.  Property 'desc' must be of type 'SVGProps<SVGDescElement>', but here has type 'SVGProps<SVGDescElement>'.
node_modules/react-bootstrap/node_modules/@types/react/index.d.ts(2992,13): error TS2717: Subsequent property declarations must have the same type.  Property 'ellipse' must be of type 'SVGProps<SVGEllipseElement>', but here has type 'SVGProps<SVGEllipseElement>'.
node_modules/react-bootstrap/node_modules/@types/react/index.d.ts(2993,13): error TS2717: Subsequent property declarations must have the same type.  Property 'feBlend' must be of type 'SVGProps<SVGFEBlendElement>', but here has type 'SVGProps<SVGFEBlendElement>'.
node_modules/react-bootstrap/node_modules/@types/react/index.d.ts(2994,13): error TS2717: Subsequent property declarations must have the same type.  Property 'feColorMatrix' must be of type 'SVGProps<SVGFEColorMatrixElement>', but here has type 'SVGProps<SVGFEColorMatrixElement>'.
node_modules/react-bootstrap/node_modules/@types/react/index.d.ts(2995,13): error TS2717: Subsequent property declarations must have the same type.  Property 'feComponentTransfer' must be of type 'SVGProps<SVGFEComponentTransferElement>', but here has type 'SVGProps<SVGFEComponentTransferElement>'.
node_modules/react-bootstrap/node_modules/@types/react/index.d.ts(2996,13): error TS2717: Subsequent property declarations must have the same type.  Property 'feComposite' must be of type 'SVGProps<SVGFECompositeElement>', but here has type 'SVGProps<SVGFECompositeElement>'.
node_modules/react-bootstrap/node_modules/@types/react/index.d.ts(2997,13): error TS2717: Subsequent property declarations must have the same type.  Property 'feConvolveMatrix' must be of type 'SVGProps<SVGFEConvolveMatrixElement>', but here has type 'SVGProps<SVGFEConvolveMatrixElement>'.
node_modules/react-bootstrap/node_modules/@types/react/index.d.ts(2998,13): error TS2717: Subsequent property declarations must have the same type.  Property 'feDiffuseLighting' must be of type 'SVGProps<SVGFEDiffuseLightingElement>', but here has type 'SVGProps<SVGFEDiffuseLightingElement>'.
node_modules/react-bootstrap/node_modules/@types/react/index.d.ts(2999,13): error TS2717: Subsequent property declarations must have the same type.  Property 'feDisplacementMap' must be of type 'SVGProps<SVGFEDisplacementMapElement>', but here has type 'SVGProps<SVGFEDisplacementMapElement>'.
node_modules/react-bootstrap/node_modules/@types/react/index.d.ts(3000,13): error TS2717: Subsequent property declarations must have the same type.  Property 'feDistantLight' must be of type 'SVGProps<SVGFEDistantLightElement>', but here has type 'SVGProps<SVGFEDistantLightElement>'.
node_modules/react-bootstrap/node_modules/@types/react/index.d.ts(3001,13): error TS2717: Subsequent property declarations must have the same type.  Property 'feDropShadow' must be of type 'SVGProps<SVGFEDropShadowElement>', but here has type 'SVGProps<SVGFEDropShadowElement>'.
node_modules/react-bootstrap/node_modules/@types/react/index.d.ts(3002,13): error TS2717: Subsequent property declarations must have the same type.  Property 'feFlood' must be of type 'SVGProps<SVGFEFloodElement>', but here has type 'SVGProps<SVGFEFloodElement>'.
node_modules/react-bootstrap/node_modules/@types/react/index.d.ts(3003,13): error TS2717: Subsequent property declarations must have the same type.  Property 'feFuncA' must be of type 'SVGProps<SVGFEFuncAElement>', but here has type 'SVGProps<SVGFEFuncAElement>'.
node_modules/react-bootstrap/node_modules/@types/react/index.d.ts(3004,13): error TS2717: Subsequent property declarations must have the same type.  Property 'feFuncB' must be of type 'SVGProps<SVGFEFuncBElement>', but here has type 'SVGProps<SVGFEFuncBElement>'.
node_modules/react-bootstrap/node_modules/@types/react/index.d.ts(3005,13): error TS2717: Subsequent property declarations must have the same type.  Property 'feFuncG' must be of type 'SVGProps<SVGFEFuncGElement>', but here has type 'SVGProps<SVGFEFuncGElement>'.
node_modules/react-bootstrap/node_modules/@types/react/index.d.ts(3006,13): error TS2717: Subsequent property declarations must have the same type.  Property 'feFuncR' must be of type 'SVGProps<SVGFEFuncRElement>', but here has type 'SVGProps<SVGFEFuncRElement>'.
node_modules/react-bootstrap/node_modules/@types/react/index.d.ts(3007,13): error TS2717: Subsequent property declarations must have the same type.  Property 'feGaussianBlur' must be of type 'SVGProps<SVGFEGaussianBlurElement>', but here has type 'SVGProps<SVGFEGaussianBlurElement>'.
node_modules/react-bootstrap/node_modules/@types/react/index.d.ts(3008,13): error TS2717: Subsequent property declarations must have the same type.  Property 'feImage' must be of type 'SVGProps<SVGFEImageElement>', but here has type 'SVGProps<SVGFEImageElement>'.
node_modules/react-bootstrap/node_modules/@types/react/index.d.ts(3009,13): error TS2717: Subsequent property declarations must have the same type.  Property 'feMerge' must be of type 'SVGProps<SVGFEMergeElement>', but here has type 'SVGProps<SVGFEMergeElement>'.
node_modules/react-bootstrap/node_modules/@types/react/index.d.ts(3010,13): error TS2717: Subsequent property declarations must have the same type.  Property 'feMergeNode' must be of type 'SVGProps<SVGFEMergeNodeElement>', but here has type 'SVGProps<SVGFEMergeNodeElement>'.
node_modules/react-bootstrap/node_modules/@types/react/index.d.ts(3011,13): error TS2717: Subsequent property declarations must have the same type.  Property 'feMorphology' must be of type 'SVGProps<SVGFEMorphologyElement>', but here has type 'SVGProps<SVGFEMorphologyElement>'.
node_modules/react-bootstrap/node_modules/@types/react/index.d.ts(3012,13): error TS2717: Subsequent property declarations must have the same type.  Property 'feOffset' must be of type 'SVGProps<SVGFEOffsetElement>', but here has type 'SVGProps<SVGFEOffsetElement>'.
node_modules/react-bootstrap/node_modules/@types/react/index.d.ts(3013,13): error TS2717: Subsequent property declarations must have the same type.  Property 'fePointLight' must be of type 'SVGProps<SVGFEPointLightElement>', but here has type 'SVGProps<SVGFEPointLightElement>'.
node_modules/react-bootstrap/node_modules/@types/react/index.d.ts(3014,13): error TS2717: Subsequent property declarations must have the same type.  Property 'feSpecularLighting' must be of type 'SVGProps<SVGFESpecularLightingElement>', but here has type 'SVGProps<SVGFESpecularLightingElement>'.
node_modules/react-bootstrap/node_modules/@types/react/index.d.ts(3015,13): error TS2717: Subsequent property declarations must have the same type.  Property 'feSpotLight' must be of type 'SVGProps<SVGFESpotLightElement>', but here has type 'SVGProps<SVGFESpotLightElement>'.
node_modules/react-bootstrap/node_modules/@types/react/index.d.ts(3016,13): error TS2717: Subsequent property declarations must have the same type.  Property 'feTile' must be of type 'SVGProps<SVGFETileElement>', but here has type 'SVGProps<SVGFETileElement>'.
node_modules/react-bootstrap/node_modules/@types/react/index.d.ts(3017,13): error TS2717: Subsequent property declarations must have the same type.  Property 'feTurbulence' must be of type 'SVGProps<SVGFETurbulenceElement>', but here has type 'SVGProps<SVGFETurbulenceElement>'.
node_modules/react-bootstrap/node_modules/@types/react/index.d.ts(3018,13): error TS2717: Subsequent property declarations must have the same type.  Property 'filter' must be of type 'SVGProps<SVGFilterElement>', but here has type 'SVGProps<SVGFilterElement>'.
node_modules/react-bootstrap/node_modules/@types/react/index.d.ts(3019,13): error TS2717: Subsequent property declarations must have the same type.  Property 'foreignObject' must be of type 'SVGProps<SVGForeignObjectElement>', but here has type 'SVGProps<SVGForeignObjectElement>'.
node_modules/react-bootstrap/node_modules/@types/react/index.d.ts(3020,13): error TS2717: Subsequent property declarations must have the same type.  Property 'g' must be of type 'SVGProps<SVGGElement>', but here has type 'SVGProps<SVGGElement>'.
node_modules/react-bootstrap/node_modules/@types/react/index.d.ts(3021,13): error TS2717: Subsequent property declarations must have the same type.  Property 'image' must be of type 'SVGProps<SVGImageElement>', but here has type 'SVGProps<SVGImageElement>'.
node_modules/react-bootstrap/node_modules/@types/react/index.d.ts(3022,13): error TS2717: Subsequent property declarations must have the same type.  Property 'line' must be of type 'SVGProps<SVGLineElement>', but here has type 'SVGProps<SVGLineElement>'.
node_modules/react-bootstrap/node_modules/@types/react/index.d.ts(3023,13): error TS2717: Subsequent property declarations must have the same type.  Property 'linearGradient' must be of type 'SVGProps<SVGLinearGradientElement>', but here has type 'SVGProps<SVGLinearGradientElement>'.
node_modules/react-bootstrap/node_modules/@types/react/index.d.ts(3024,13): error TS2717: Subsequent property declarations must have the same type.  Property 'marker' must be of type 'SVGProps<SVGMarkerElement>', but here has type 'SVGProps<SVGMarkerElement>'.
node_modules/react-bootstrap/node_modules/@types/react/index.d.ts(3025,13): error TS2717: Subsequent property declarations must have the same type.  Property 'mask' must be of type 'SVGProps<SVGMaskElement>', but here has type 'SVGProps<SVGMaskElement>'.
node_modules/react-bootstrap/node_modules/@types/react/index.d.ts(3026,13): error TS2717: Subsequent property declarations must have the same type.  Property 'metadata' must be of type 'SVGProps<SVGMetadataElement>', but here has type 'SVGProps<SVGMetadataElement>'.
node_modules/react-bootstrap/node_modules/@types/react/index.d.ts(3027,13): error TS2717: Subsequent property declarations must have the same type.  Property 'mpath' must be of type 'SVGProps<SVGElement>', but here has type 'SVGProps<SVGElement>'.
node_modules/react-bootstrap/node_modules/@types/react/index.d.ts(3028,13): error TS2717: Subsequent property declarations must have the same type.  Property 'path' must be of type 'SVGProps<SVGPathElement>', but here has type 'SVGProps<SVGPathElement>'.
node_modules/react-bootstrap/node_modules/@types/react/index.d.ts(3029,13): error TS2717: Subsequent property declarations must have the same type.  Property 'pattern' must be of type 'SVGProps<SVGPatternElement>', but here has type 'SVGProps<SVGPatternElement>'.
node_modules/react-bootstrap/node_modules/@types/react/index.d.ts(3030,13): error TS2717: Subsequent property declarations must have the same type.  Property 'polygon' must be of type 'SVGProps<SVGPolygonElement>', but here has type 'SVGProps<SVGPolygonElement>'.
node_modules/react-bootstrap/node_modules/@types/react/index.d.ts(3031,13): error TS2717: Subsequent property declarations must have the same type.  Property 'polyline' must be of type 'SVGProps<SVGPolylineElement>', but here has type 'SVGProps<SVGPolylineElement>'.
node_modules/react-bootstrap/node_modules/@types/react/index.d.ts(3032,13): error TS2717: Subsequent property declarations must have the same type.  Property 'radialGradient' must be of type 'SVGProps<SVGRadialGradientElement>', but here has type 'SVGProps<SVGRadialGradientElement>'.
node_modules/react-bootstrap/node_modules/@types/react/index.d.ts(3033,13): error TS2717: Subsequent property declarations must have the same type.  Property 'rect' must be of type 'SVGProps<SVGRectElement>', but here has type 'SVGProps<SVGRectElement>'.
node_modules/react-bootstrap/node_modules/@types/react/index.d.ts(3034,13): error TS2717: Subsequent property declarations must have the same type.  Property 'stop' must be of type 'SVGProps<SVGStopElement>', but here has type 'SVGProps<SVGStopElement>'.
node_modules/react-bootstrap/node_modules/@types/react/index.d.ts(3035,13): error TS2717: Subsequent property declarations must have the same type.  Property 'switch' must be of type 'SVGProps<SVGSwitchElement>', but here has type 'SVGProps<SVGSwitchElement>'.
node_modules/react-bootstrap/node_modules/@types/react/index.d.ts(3036,13): error TS2717: Subsequent property declarations must have the same type.  Property 'symbol' must be of type 'SVGProps<SVGSymbolElement>', but here has type 'SVGProps<SVGSymbolElement>'.
node_modules/react-bootstrap/node_modules/@types/react/index.d.ts(3037,13): error TS2717: Subsequent property declarations must have the same type.  Property 'text' must be of type 'SVGProps<SVGTextElement>', but here has type 'SVGProps<SVGTextElement>'.
node_modules/react-bootstrap/node_modules/@types/react/index.d.ts(3038,13): error TS2717: Subsequent property declarations must have the same type.  Property 'textPath' must be of type 'SVGProps<SVGTextPathElement>', but here has type 'SVGProps<SVGTextPathElement>'.
node_modules/react-bootstrap/node_modules/@types/react/index.d.ts(3039,13): error TS2717: Subsequent property declarations must have the same type.  Property 'tspan' must be of type 'SVGProps<SVGTSpanElement>', but here has type 'SVGProps<SVGTSpanElement>'.
node_modules/react-bootstrap/node_modules/@types/react/index.d.ts(3040,13): error TS2717: Subsequent property declarations must have the same type.  Property 'use' must be of type 'SVGProps<SVGUseElement>', but here has type 'SVGProps<SVGUseElement>'.
node_modules/react-bootstrap/node_modules/@types/react/index.d.ts(3041,13): error TS2717: Subsequent property declarations must have the same type.  Property 'view' must be of type 'SVGProps<SVGViewElement>', but here has type 'SVGProps<SVGViewElement>'.
info Visit https://yarnpkg.com/en/docs/cli/run for documentation about this command.
info Visit https://yarnpkg.com/en/docs/cli/run for documentation about this command.
